mode: set
github.com/aristorinjuang/weight-go/internal/aggregate/weights.go:15.46,17.2 1 1
github.com/aristorinjuang/weight-go/internal/aggregate/weights.go:19.40,21.2 1 1
github.com/aristorinjuang/weight-go/internal/aggregate/weights.go:23.40,25.2 1 1
github.com/aristorinjuang/weight-go/internal/aggregate/weights.go:27.47,29.2 1 1
github.com/aristorinjuang/weight-go/internal/aggregate/weights.go:31.58,32.19 1 1
github.com/aristorinjuang/weight-go/internal/aggregate/weights.go:36.2,36.52 1 1
github.com/aristorinjuang/weight-go/internal/aggregate/weights.go:42.2,42.12 1 1
github.com/aristorinjuang/weight-go/internal/aggregate/weights.go:32.19,34.3 1 1
github.com/aristorinjuang/weight-go/internal/aggregate/weights.go:36.52,40.3 3 1
github.com/aristorinjuang/weight-go/internal/aggregate/weights.go:45.50,46.20 1 1
github.com/aristorinjuang/weight-go/internal/aggregate/weights.go:52.2,58.3 2 1
github.com/aristorinjuang/weight-go/internal/aggregate/weights.go:46.20,50.3 1 1
github.com/aristorinjuang/weight-go/internal/entity/weight.go:14.35,16.2 1 1
github.com/aristorinjuang/weight-go/internal/entity/weight.go:18.32,20.2 1 1
github.com/aristorinjuang/weight-go/internal/entity/weight.go:22.32,24.2 1 1
github.com/aristorinjuang/weight-go/internal/entity/weight.go:26.39,28.2 1 1
github.com/aristorinjuang/weight-go/internal/entity/weight.go:30.67,31.27 1 1
github.com/aristorinjuang/weight-go/internal/entity/weight.go:34.2,34.14 1 1
github.com/aristorinjuang/weight-go/internal/entity/weight.go:37.2,37.14 1 1
github.com/aristorinjuang/weight-go/internal/entity/weight.go:40.2,40.16 1 1
github.com/aristorinjuang/weight-go/internal/entity/weight.go:43.2,47.8 1 1
github.com/aristorinjuang/weight-go/internal/entity/weight.go:31.27,33.3 1 1
github.com/aristorinjuang/weight-go/internal/entity/weight.go:34.14,36.3 1 1
github.com/aristorinjuang/weight-go/internal/entity/weight.go:37.14,39.3 1 1
github.com/aristorinjuang/weight-go/internal/entity/weight.go:40.16,42.3 1 1
github.com/aristorinjuang/weight-go/internal/entity/weight.go:50.62,56.2 1 1
github.com/aristorinjuang/weight-go/internal/entity/weight.go:63.58,66.27 2 1
github.com/aristorinjuang/weight-go/internal/entity/weight.go:72.2,72.8 1 1
github.com/aristorinjuang/weight-go/internal/entity/weight.go:66.27,70.3 3 1
github.com/aristorinjuang/weight-go/internal/infrastructure/database/mysql/weight_repository.go:17.68,19.16 2 1
github.com/aristorinjuang/weight-go/internal/infrastructure/database/mysql/weight_repository.go:22.2,26.18 3 1
github.com/aristorinjuang/weight-go/internal/infrastructure/database/mysql/weight_repository.go:36.2,36.21 1 1
github.com/aristorinjuang/weight-go/internal/infrastructure/database/mysql/weight_repository.go:19.16,21.3 1 1
github.com/aristorinjuang/weight-go/internal/infrastructure/database/mysql/weight_repository.go:26.18,34.3 3 1
github.com/aristorinjuang/weight-go/internal/infrastructure/database/mysql/weight_repository.go:39.69,46.16 2 1
github.com/aristorinjuang/weight-go/internal/infrastructure/database/mysql/weight_repository.go:50.2,50.12 1 1
github.com/aristorinjuang/weight-go/internal/infrastructure/database/mysql/weight_repository.go:46.16,48.3 1 1
github.com/aristorinjuang/weight-go/internal/infrastructure/database/mysql/weight_repository.go:53.78,58.16 2 1
github.com/aristorinjuang/weight-go/internal/infrastructure/database/mysql/weight_repository.go:61.2,64.18 3 1
github.com/aristorinjuang/weight-go/internal/infrastructure/database/mysql/weight_repository.go:68.2,68.50 1 1
github.com/aristorinjuang/weight-go/internal/infrastructure/database/mysql/weight_repository.go:58.16,60.3 1 1
github.com/aristorinjuang/weight-go/internal/infrastructure/database/mysql/weight_repository.go:64.18,66.3 1 1
github.com/aristorinjuang/weight-go/internal/infrastructure/database/mysql/weight_repository.go:71.69,78.16 2 1
github.com/aristorinjuang/weight-go/internal/infrastructure/database/mysql/weight_repository.go:82.2,82.12 1 1
github.com/aristorinjuang/weight-go/internal/infrastructure/database/mysql/weight_repository.go:78.16,80.3 1 1
github.com/aristorinjuang/weight-go/internal/infrastructure/database/mysql/weight_repository.go:85.62,90.16 2 1
github.com/aristorinjuang/weight-go/internal/infrastructure/database/mysql/weight_repository.go:94.2,94.12 1 1
github.com/aristorinjuang/weight-go/internal/infrastructure/database/mysql/weight_repository.go:90.16,92.3 1 1
github.com/aristorinjuang/weight-go/internal/infrastructure/database/mysql/weight_repository.go:97.71,99.2 1 1
github.com/aristorinjuang/weight-go/internal/delivery/grpc/weight/weight.go:19.85,21.16 2 1
github.com/aristorinjuang/weight-go/internal/delivery/grpc/weight/weight.go:25.2,30.8 1 1
github.com/aristorinjuang/weight-go/internal/delivery/grpc/weight/weight.go:21.16,23.3 1 1
github.com/aristorinjuang/weight-go/internal/delivery/grpc/weight/weight.go:33.98,35.16 2 1
github.com/aristorinjuang/weight-go/internal/delivery/grpc/weight/weight.go:39.2,40.16 2 1
github.com/aristorinjuang/weight-go/internal/delivery/grpc/weight/weight.go:44.2,44.52 1 1
github.com/aristorinjuang/weight-go/internal/delivery/grpc/weight/weight.go:48.2,48.30 1 1
github.com/aristorinjuang/weight-go/internal/delivery/grpc/weight/weight.go:35.16,37.3 1 1
github.com/aristorinjuang/weight-go/internal/delivery/grpc/weight/weight.go:40.16,42.3 1 1
github.com/aristorinjuang/weight-go/internal/delivery/grpc/weight/weight.go:44.52,46.3 1 1
github.com/aristorinjuang/weight-go/internal/delivery/grpc/weight/weight.go:51.92,53.16 2 1
github.com/aristorinjuang/weight-go/internal/delivery/grpc/weight/weight.go:57.2,58.16 2 1
github.com/aristorinjuang/weight-go/internal/delivery/grpc/weight/weight.go:62.2,67.8 1 1
github.com/aristorinjuang/weight-go/internal/delivery/grpc/weight/weight.go:53.16,55.3 1 1
github.com/aristorinjuang/weight-go/internal/delivery/grpc/weight/weight.go:58.16,60.3 1 1
github.com/aristorinjuang/weight-go/internal/delivery/grpc/weight/weight.go:70.98,72.16 2 1
github.com/aristorinjuang/weight-go/internal/delivery/grpc/weight/weight.go:76.2,77.16 2 1
github.com/aristorinjuang/weight-go/internal/delivery/grpc/weight/weight.go:81.2,81.52 1 1
github.com/aristorinjuang/weight-go/internal/delivery/grpc/weight/weight.go:85.2,85.30 1 1
github.com/aristorinjuang/weight-go/internal/delivery/grpc/weight/weight.go:72.16,74.3 1 1
github.com/aristorinjuang/weight-go/internal/delivery/grpc/weight/weight.go:77.16,79.3 1 1
github.com/aristorinjuang/weight-go/internal/delivery/grpc/weight/weight.go:81.52,83.3 1 1
github.com/aristorinjuang/weight-go/internal/delivery/grpc/weight/weight.go:88.98,90.16 2 1
github.com/aristorinjuang/weight-go/internal/delivery/grpc/weight/weight.go:93.2,93.50 1 1
github.com/aristorinjuang/weight-go/internal/delivery/grpc/weight/weight.go:96.2,96.30 1 1
github.com/aristorinjuang/weight-go/internal/delivery/grpc/weight/weight.go:90.16,92.3 1 1
github.com/aristorinjuang/weight-go/internal/delivery/grpc/weight/weight.go:93.50,95.3 1 1
github.com/aristorinjuang/weight-go/internal/delivery/grpc/weight/weight.go:99.59,103.2 1 1
github.com/aristorinjuang/weight-go/internal/delivery/grpc/weight/weight_model.go:11.57,12.32 1 1
github.com/aristorinjuang/weight-go/internal/delivery/grpc/weight/weight_model.go:21.2,21.10 1 1
github.com/aristorinjuang/weight-go/internal/delivery/grpc/weight/weight_model.go:12.32,19.3 1 1
